d:\gluml\insa-uml-gl-application-medicale\applicationmedical\applicationmedical\debug\vc141.pdb
\\servif-home\homes\cflorant\mes documents\repos\insa-uml-gl-application-medicale\applicationmedical\applicationmedical\debug\applicationmedical.pch
\\servif-home\homes\cflorant\mes documents\repos\insa-uml-gl-application-medicale\applicationmedical\applicationmedical\debug\vc140.pdb
\\servif-home\homes\cflorant\mes documents\repos\insa-uml-gl-application-medicale\applicationmedical\applicationmedical\debug\vc140.idb
\\servif-home\homes\cflorant\mes documents\repos\insa-uml-gl-application-medicale\applicationmedical\applicationmedical\debug\stdafx.obj
\\servif-home\homes\cflorant\mes documents\repos\insa-uml-gl-application-medicale\applicationmedical\applicationmedical\debug\applicationmedical.obj
\\servif-home\homes\cflorant\mes documents\repos\insa-uml-gl-application-medicale\applicationmedical\applicationmedical\debug\attribut.obj
\\servif-home\homes\cflorant\mes documents\repos\insa-uml-gl-application-medicale\applicationmedical\applicationmedical\debug\attributdouble.obj
\\servif-home\homes\cflorant\mes documents\repos\insa-uml-gl-application-medicale\applicationmedical\applicationmedical\debug\attributstring.obj
\\servif-home\homes\cflorant\mes documents\repos\insa-uml-gl-application-medicale\applicationmedical\applicationmedical\debug\empreinte.obj
\\servif-home\homes\cflorant\mes documents\repos\insa-uml-gl-application-medicale\applicationmedical\applicationmedical\debug\gestiondonnees.obj
\\servif-home\homes\cflorant\mes documents\repos\insa-uml-gl-application-medicale\applicationmedical\applicationmedical\debug\maladie.obj
d:\gluml\insa-uml-gl-application-medicale\applicationmedical\debug\applicationmedical.exe
d:\gluml\insa-uml-gl-application-medicale\applicationmedical\debug\applicationmedical.ilk
d:\gluml\insa-uml-gl-application-medicale\applicationmedical\debug\applicationmedical.pdb
\\servif-home\homes\cflorant\mes documents\repos\insa-uml-gl-application-medicale\applicationmedical\applicationmedical\debug\applicationmedical.res
\\servif-home\homes\cflorant\mes documents\repos\insa-uml-gl-application-medicale\applicationmedical\applicationmedical\debug\vc141.idb
\\servif-home\homes\cflorant\mes documents\repos\insa-uml-gl-application-medicale\applicationmedical\applicationmedical\debug\vc141.pdb
\\servif-home\homes\cflorant\mes documents\repos\insa-uml-gl-application-medicale\applicationmedical\debug\applicationmedical.pdb
\\servif-home\homes\cflorant\mes documents\repos\insa-uml-gl-application-medicale\applicationmedical\applicationmedical\debug\applicat.c778aac1.tlog\cl.command.1.tlog
\\servif-home\homes\cflorant\mes documents\repos\insa-uml-gl-application-medicale\applicationmedical\applicationmedical\debug\applicat.c778aac1.tlog\cl.read.1.tlog
\\servif-home\homes\cflorant\mes documents\repos\insa-uml-gl-application-medicale\applicationmedical\applicationmedical\debug\applicat.c778aac1.tlog\cl.write.1.tlog
\\servif-home\homes\cflorant\mes documents\repos\insa-uml-gl-application-medicale\applicationmedical\applicationmedical\debug\applicat.c778aac1.tlog\link-cvtres.read.1.tlog
\\servif-home\homes\cflorant\mes documents\repos\insa-uml-gl-application-medicale\applicationmedical\applicationmedical\debug\applicat.c778aac1.tlog\link-cvtres.write.1.tlog
\\servif-home\homes\cflorant\mes documents\repos\insa-uml-gl-application-medicale\applicationmedical\applicationmedical\debug\applicat.c778aac1.tlog\link-rc.read.1.tlog
\\servif-home\homes\cflorant\mes documents\repos\insa-uml-gl-application-medicale\applicationmedical\applicationmedical\debug\applicat.c778aac1.tlog\link-rc.write.1.tlog
\\servif-home\homes\cflorant\mes documents\repos\insa-uml-gl-application-medicale\applicationmedical\applicationmedical\debug\applicat.c778aac1.tlog\link.command.1.tlog
\\servif-home\homes\cflorant\mes documents\repos\insa-uml-gl-application-medicale\applicationmedical\applicationmedical\debug\applicat.c778aac1.tlog\link.read.1.tlog
\\servif-home\homes\cflorant\mes documents\repos\insa-uml-gl-application-medicale\applicationmedical\applicationmedical\debug\applicat.c778aac1.tlog\link.write.1.tlog
\\servif-home\homes\cflorant\mes documents\repos\insa-uml-gl-application-medicale\applicationmedical\applicationmedical\debug\applicat.c778aac1.tlog\rc.command.1.tlog
\\servif-home\homes\cflorant\mes documents\repos\insa-uml-gl-application-medicale\applicationmedical\applicationmedical\debug\applicat.c778aac1.tlog\rc.read.1.tlog
\\servif-home\homes\cflorant\mes documents\repos\insa-uml-gl-application-medicale\applicationmedical\applicationmedical\debug\applicat.c778aac1.tlog\rc.write.1.tlog
